2024-09-18T22:09:47.879Z [INFO]: Calculate Correctness Ran
2024-09-18T22:09:49.977Z [INFO]: Calculate Correctness Ran
2024-09-18T22:09:52.157Z [INFO]: Calculate Correctness Ran
2024-09-18T22:09:54.665Z [INFO]: Calculate Correctness Ran
2024-09-18T22:09:56.655Z [INFO]: Calculate Correctness Ran
2024-09-18T22:09:58.056Z [INFO]: Calculate Correctness Ran
2024-09-18T22:09:59.559Z [INFO]: Calculate Correctness Ran
2024-09-18T22:10:01.625Z [INFO]: Calculate Correctness Ran
2024-09-18T22:10:05.568Z [INFO]: Calculate Correctness Ran
2024-09-18T22:10:07.321Z [INFO]: Calculate Correctness Ran
2024-09-19T00:27:00.526Z [INFO]: Calculate Correctness Ran
2024-09-19T00:27:02.813Z [INFO]: Calculate Correctness Ran
2024-09-19T00:27:05.042Z [INFO]: Calculate Correctness Ran
2024-09-19T00:27:08.053Z [INFO]: Calculate Correctness Ran
2024-09-19T00:27:10.517Z [INFO]: Calculate Correctness Ran
2024-09-19T00:27:12.566Z [INFO]: Calculate Correctness Ran
2024-09-19T00:27:15.821Z [INFO]: Calculate Correctness Ran
2024-09-19T00:27:18.095Z [INFO]: Calculate Correctness Ran
2024-09-19T00:27:23.350Z [INFO]: Calculate Correctness Ran
2024-09-19T00:27:25.408Z [INFO]: Calculate Correctness Ran
2024-09-19T00:31:12.108Z [INFO]: Calculate Correctness Ran
2024-09-19T00:31:14.421Z [INFO]: Calculate Correctness Ran
2024-09-19T00:31:16.665Z [INFO]: Calculate Correctness Ran
2024-09-19T00:31:19.832Z [INFO]: Calculate Correctness Ran
2024-09-19T00:31:22.195Z [INFO]: Calculate Correctness Ran
2024-09-19T00:31:23.718Z [INFO]: Calculate Correctness Ran
2024-09-19T00:31:25.289Z [INFO]: Calculate Correctness Ran
2024-09-19T00:31:27.652Z [INFO]: Calculate Correctness Ran
2024-09-19T00:31:30.978Z [INFO]: Calculate Correctness Ran
2024-09-19T00:31:32.707Z [INFO]: Calculate Correctness Ran
2024-09-19T00:34:28.097Z [INFO]: Calculate Correctness Ran
2024-09-19T00:34:30.032Z [INFO]: Calculate Correctness Ran
2024-09-19T00:34:32.261Z [INFO]: Calculate Correctness Ran
2024-09-19T00:34:35.095Z [INFO]: Calculate Correctness Ran
2024-09-19T00:34:37.507Z [INFO]: Calculate Correctness Ran
2024-09-19T00:34:39.522Z [INFO]: Calculate Correctness Ran
2024-09-19T00:34:41.238Z [INFO]: Calculate Correctness Ran
2024-09-19T00:34:43.584Z [INFO]: Calculate Correctness Ran
2024-09-19T00:34:46.587Z [INFO]: Calculate Correctness Ran
2024-09-19T00:34:48.570Z [INFO]: Calculate Correctness Ran
2024-09-19T00:40:51.774Z [INFO]: Calculate Correctness Ran
2024-09-19T00:40:54.137Z [INFO]: Calculate Correctness Ran
2024-09-19T00:40:55.999Z [INFO]: Calculate Correctness Ran
2024-09-19T00:40:58.929Z [INFO]: Calculate Correctness Ran
2024-09-19T00:41:01.113Z [INFO]: Calculate Correctness Ran
2024-09-19T00:41:02.553Z [INFO]: Calculate Correctness Ran
2024-09-19T00:41:04.024Z [INFO]: Calculate Correctness Ran
2024-09-19T00:41:06.222Z [INFO]: Calculate Correctness Ran
2024-09-19T00:41:09.212Z [INFO]: Calculate Correctness Ran
2024-09-19T00:41:11.101Z [INFO]: Calculate Correctness Ran
2024-09-19T00:47:18.462Z [INFO]: Calculate Correctness Ran
2024-09-19T00:47:20.769Z [INFO]: Calculate Correctness Ran
2024-09-19T00:47:22.814Z [INFO]: Calculate Correctness Ran
2024-09-19T00:47:25.490Z [INFO]: Calculate Correctness Ran
2024-09-19T00:47:27.858Z [INFO]: Calculate Correctness Ran
2024-09-19T00:47:29.744Z [INFO]: Calculate Correctness Ran
2024-09-19T00:47:31.632Z [INFO]: Calculate Correctness Ran
2024-09-19T00:47:34.050Z [INFO]: Calculate Correctness Ran
2024-09-19T00:47:37.031Z [INFO]: Calculate Correctness Ran
2024-09-19T00:47:39.257Z [INFO]: Calculate Correctness Ran
2024-09-19T00:52:35.645Z [INFO]: Calculate Correctness Ran
2024-09-19T00:52:37.911Z [INFO]: Calculate Correctness Ran
2024-09-19T00:52:39.907Z [INFO]: Calculate Correctness Ran
2024-09-19T00:52:42.612Z [INFO]: Calculate Correctness Ran
2024-09-19T00:52:44.924Z [INFO]: Calculate Correctness Ran
2024-09-19T00:52:46.521Z [INFO]: Calculate Correctness Ran
2024-09-19T00:52:48.102Z [INFO]: Calculate Correctness Ran
2024-09-19T00:52:50.403Z [INFO]: Calculate Correctness Ran
2024-09-19T00:52:52.797Z [INFO]: Calculate Correctness Ran
2024-09-19T00:52:54.848Z [INFO]: Calculate Correctness Ran
2024-09-19T00:54:34.505Z [INFO]: Calculate Correctness Ran
2024-09-19T00:54:36.862Z [INFO]: Calculate Correctness Ran
2024-09-19T00:54:39.030Z [INFO]: Calculate Correctness Ran
2024-09-19T00:54:41.807Z [INFO]: Calculate Correctness Ran
2024-09-19T00:54:43.989Z [INFO]: Calculate Correctness Ran
2024-09-19T00:54:45.442Z [INFO]: Calculate Correctness Ran
2024-09-19T00:54:47.011Z [INFO]: Calculate Correctness Ran
2024-09-19T00:54:49.373Z [INFO]: Calculate Correctness Ran
2024-09-19T00:54:52.471Z [INFO]: Calculate Correctness Ran
2024-09-19T00:54:54.389Z [INFO]: Calculate Correctness Ran
2024-09-19T18:27:26.837Z [INFO]: Calculate Correctness Ran
2024-09-19T18:27:29.267Z [INFO]: Calculate Correctness Ran
2024-09-19T18:27:32.053Z [INFO]: Calculate Correctness Ran
2024-09-19T18:30:06.653Z [INFO]: Frameworks Detected: jest
2024-09-19T18:30:08.829Z [INFO]: Frameworks Detected: 
2024-09-19T18:30:11.707Z [INFO]: Frameworks Detected: mocha
2024-09-22T18:07:36.343Z [INFO]: Running URL processing from file: C:\Users\sshaz\Downloads\ECE461_Project1\ECE461\URL.txt
2024-09-22T18:07:36.348Z [INFO]: Processing URL: https://www.npmjs.com/package/wat4hjs
2024-09-22T18:07:36.546Z [INFO]: Found GitHub URL for npm package: wat4hjs
2024-09-22T18:07:36.547Z [INFO]: Cloning GitHub repo for metrics calculation: hasansultan92_watch.js
2024-09-22T18:07:36.549Z [INFO]: Cloning GitHub repo for Ramp Up calculation: https://github.com/hasansultan92/watch.js into C:\Users\sshaz\Downloads\ECE461_Project1\ECE461\repos\hasansultan92_watch.js
2024-09-22T18:07:36.615Z [INFO]: Calculating Bus Factor for repository: https://github.com/hasansultan92/watch.js
2024-09-22T18:07:36.618Z [INFO]: Calculating Ramp Up metric for repo at C:\Users\sshaz\Downloads\ECE461_Project1\ECE461\repos\hasansultan92_watch.js
2024-09-22T18:07:36.677Z [INFO]: Calculated Ramp Up score for C:\Users\sshaz\Downloads\ECE461_Project1\ECE461\repos\hasansultan92_watch.js: 0.44500000000000006
2024-09-22T18:07:36.681Z [INFO]: Frameworks Detected: jest
2024-09-22T18:07:36.871Z [INFO]: Total contributors for https://github.com/hasansultan92/watch.js: 1
2024-09-22T18:07:36.871Z [INFO]: Calculated Bus Factor for https://github.com/hasansultan92/watch.js: 0.1
2024-09-22T18:07:37.236Z [INFO]: Calculating NetScore for URL: https://www.npmjs.com/package/wat4hjs
2024-09-22T18:07:37.236Z [INFO]: Finished processing URL: https://www.npmjs.com/package/wat4hjs with NetScore: 0.61
2024-09-22T18:07:37.236Z [INFO]: Processing URL: https://github.com/mrdoob/three.js
2024-09-22T18:07:37.236Z [INFO]: Cloning GitHub repo for metrics calculation: mrdoob_three.js
2024-09-22T18:07:37.237Z [INFO]: Cloning GitHub repo for Ramp Up calculation: https://github.com/mrdoob/three.js into C:\Users\sshaz\Downloads\ECE461_Project1\ECE461\repos\mrdoob_three.js
2024-09-22T18:07:37.289Z [INFO]: Calculating Bus Factor for repository: https://github.com/mrdoob/three.js
2024-09-22T18:07:37.291Z [INFO]: Calculating Ramp Up metric for repo at C:\Users\sshaz\Downloads\ECE461_Project1\ECE461\repos\mrdoob_three.js
2024-09-22T18:07:39.575Z [INFO]: Calculated Ramp Up score for C:\Users\sshaz\Downloads\ECE461_Project1\ECE461\repos\mrdoob_three.js: 0.9246257151633837
2024-09-22T18:07:41.177Z [INFO]: Total contributors for https://github.com/mrdoob/three.js: 362
2024-09-22T18:07:41.177Z [INFO]: Calculated Bus Factor for https://github.com/mrdoob/three.js: 1
2024-09-22T18:07:41.203Z [INFO]: Calculating NetScore for URL: https://github.com/mrdoob/three.js
2024-09-22T18:07:41.203Z [INFO]: Finished processing URL: https://github.com/mrdoob/three.js with NetScore: 0.86
2024-09-22T18:07:41.203Z [INFO]: Processing URL: https://www.npmjs.com/package/socket.io
2024-09-22T18:07:41.320Z [INFO]: Found GitHub URL for npm package: socket.io
2024-09-22T18:07:41.320Z [INFO]: Cloning GitHub repo for metrics calculation: socketio_socket.io
2024-09-22T18:07:41.320Z [INFO]: Cloning GitHub repo for Ramp Up calculation: https://github.com/socketio/socket.io into C:\Users\sshaz\Downloads\ECE461_Project1\ECE461\repos\socketio_socket.io
2024-09-22T18:07:41.385Z [INFO]: Calculating Bus Factor for repository: https://github.com/socketio/socket.io
2024-09-22T18:07:41.387Z [INFO]: Calculating Ramp Up metric for repo at C:\Users\sshaz\Downloads\ECE461_Project1\ECE461\repos\socketio_socket.io
2024-09-22T18:07:41.818Z [INFO]: Calculated Ramp Up score for C:\Users\sshaz\Downloads\ECE461_Project1\ECE461\repos\socketio_socket.io: 0.693265559833173
2024-09-22T18:07:41.820Z [INFO]: Frameworks Detected: mocha
2024-09-22T18:07:42.866Z [INFO]: Total contributors for https://github.com/socketio/socket.io: 406
2024-09-22T18:07:42.866Z [INFO]: Calculated Bus Factor for https://github.com/socketio/socket.io: 1
2024-09-22T18:07:43.560Z [INFO]: Calculating NetScore for URL: https://www.npmjs.com/package/socket.io
2024-09-22T18:12:31.455Z [INFO]: Running URL processing from file: C:\Users\sshaz\Downloads\ECE461_Project1\ECE461\URL.txt
2024-09-22T18:12:31.457Z [INFO]: Processing URL: https://www.npmjs.com/package/wat4hjs
2024-09-22T18:12:31.962Z [INFO]: Found GitHub URL for npm package: wat4hjs
2024-09-22T18:12:31.963Z [INFO]: Cloning GitHub repo for metrics calculation: hasansultan92_watch.js
2024-09-22T18:12:31.965Z [INFO]: Cloning GitHub repo for Ramp Up calculation: https://github.com/hasansultan92/watch.js into C:\Users\sshaz\Downloads\ECE461_Project1\ECE461\repos\hasansultan92_watch.js
2024-09-22T18:12:32.032Z [INFO]: Calculating Bus Factor for repository: https://github.com/hasansultan92/watch.js
2024-09-22T18:12:32.035Z [INFO]: Calculating Ramp Up metric for repo at C:\Users\sshaz\Downloads\ECE461_Project1\ECE461\repos\hasansultan92_watch.js
2024-09-22T18:12:32.078Z [INFO]: Calculated Ramp Up score for C:\Users\sshaz\Downloads\ECE461_Project1\ECE461\repos\hasansultan92_watch.js: 0.44500000000000006
2024-09-22T18:12:32.081Z [INFO]: Frameworks Detected: jest
2024-09-22T18:12:32.299Z [INFO]: Total contributors for https://github.com/hasansultan92/watch.js: 1
2024-09-22T18:12:32.300Z [INFO]: Calculated Bus Factor for https://github.com/hasansultan92/watch.js: 0.1
2024-09-22T18:12:32.712Z [INFO]: Calculating NetScore for URL: https://www.npmjs.com/package/wat4hjs
2024-09-22T18:12:32.712Z [INFO]: Finished processing URL: https://www.npmjs.com/package/wat4hjs with NetScore: 0.61
2024-09-22T18:12:32.712Z [INFO]: Processing URL: https://github.com/mrdoob/three.js
2024-09-22T18:12:32.713Z [INFO]: Cloning GitHub repo for metrics calculation: mrdoob_three.js
2024-09-22T18:12:32.713Z [INFO]: Cloning GitHub repo for Ramp Up calculation: https://github.com/mrdoob/three.js into C:\Users\sshaz\Downloads\ECE461_Project1\ECE461\repos\mrdoob_three.js
2024-09-22T18:12:32.770Z [INFO]: Calculating Bus Factor for repository: https://github.com/mrdoob/three.js
2024-09-22T18:12:32.773Z [INFO]: Calculating Ramp Up metric for repo at C:\Users\sshaz\Downloads\ECE461_Project1\ECE461\repos\mrdoob_three.js
2024-09-22T18:12:33.676Z [INFO]: Calculated Ramp Up score for C:\Users\sshaz\Downloads\ECE461_Project1\ECE461\repos\mrdoob_three.js: 0.9246257151633837
2024-09-22T18:12:34.820Z [INFO]: Total contributors for https://github.com/mrdoob/three.js: 362
2024-09-22T18:12:34.820Z [INFO]: Calculated Bus Factor for https://github.com/mrdoob/three.js: 1
2024-09-22T18:12:35.654Z [INFO]: Calculating NetScore for URL: https://github.com/mrdoob/three.js
2024-09-22T18:12:35.654Z [INFO]: Finished processing URL: https://github.com/mrdoob/three.js with NetScore: 0.86
2024-09-22T18:12:35.654Z [INFO]: Processing URL: https://www.npmjs.com/package/socket.io
2024-09-22T18:12:35.765Z [INFO]: Found GitHub URL for npm package: socket.io
2024-09-22T18:12:35.766Z [INFO]: Cloning GitHub repo for metrics calculation: socketio_socket.io
2024-09-22T18:12:35.766Z [INFO]: Cloning GitHub repo for Ramp Up calculation: https://github.com/socketio/socket.io into C:\Users\sshaz\Downloads\ECE461_Project1\ECE461\repos\socketio_socket.io
2024-09-22T18:12:35.818Z [INFO]: Calculating Bus Factor for repository: https://github.com/socketio/socket.io
2024-09-22T18:12:35.821Z [INFO]: Calculating Ramp Up metric for repo at C:\Users\sshaz\Downloads\ECE461_Project1\ECE461\repos\socketio_socket.io
2024-09-22T18:12:35.988Z [INFO]: Calculated Ramp Up score for C:\Users\sshaz\Downloads\ECE461_Project1\ECE461\repos\socketio_socket.io: 0.693265559833173
2024-09-22T18:12:35.990Z [INFO]: Frameworks Detected: mocha
2024-09-22T18:12:37.224Z [INFO]: Total contributors for https://github.com/socketio/socket.io: 406
2024-09-22T18:12:37.224Z [INFO]: Calculated Bus Factor for https://github.com/socketio/socket.io: 1
2024-09-22T18:12:37.528Z [INFO]: Calculating NetScore for URL: https://www.npmjs.com/package/socket.io
2024-09-22T18:14:58.199Z [INFO]: Running URL processing from file: C:\Users\sshaz\Downloads\ECE461_Project1\ECE461\URL.txt
2024-09-22T18:14:58.201Z [INFO]: Processing URL: https://www.npmjs.com/package/wat4hjs
2024-09-22T18:14:58.401Z [INFO]: Found GitHub URL for npm package: wat4hjs
2024-09-22T18:14:58.401Z [INFO]: Cloning GitHub repo for metrics calculation: hasansultan92_watch.js
2024-09-22T18:14:58.404Z [INFO]: Cloning GitHub repo for Ramp Up calculation: https://github.com/hasansultan92/watch.js into C:\Users\sshaz\Downloads\ECE461_Project1\ECE461\repos\hasansultan92_watch.js
2024-09-22T18:14:58.472Z [INFO]: Calculating Bus Factor for repository: https://github.com/hasansultan92/watch.js
2024-09-22T18:14:58.476Z [INFO]: Calculating Ramp Up metric for repo at C:\Users\sshaz\Downloads\ECE461_Project1\ECE461\repos\hasansultan92_watch.js
2024-09-22T18:14:58.522Z [INFO]: Calculated Ramp Up score for C:\Users\sshaz\Downloads\ECE461_Project1\ECE461\repos\hasansultan92_watch.js: 0.44500000000000006
2024-09-22T18:14:58.525Z [INFO]: Frameworks Detected: jest
2024-09-22T18:14:58.667Z [INFO]: Total contributors for https://github.com/hasansultan92/watch.js: 1
2024-09-22T18:14:58.667Z [INFO]: Calculated Bus Factor for https://github.com/hasansultan92/watch.js: 0.1
2024-09-22T18:14:59.163Z [INFO]: Calculating NetScore for URL: https://www.npmjs.com/package/wat4hjs
2024-09-22T18:14:59.163Z [INFO]: Finished processing URL: https://www.npmjs.com/package/wat4hjs with NetScore: 0.61
2024-09-22T18:14:59.163Z [INFO]: Processing URL: https://github.com/mrdoob/three.js
2024-09-22T18:14:59.163Z [INFO]: Cloning GitHub repo for metrics calculation: mrdoob_three.js
2024-09-22T18:14:59.164Z [INFO]: Cloning GitHub repo for Ramp Up calculation: https://github.com/mrdoob/three.js into C:\Users\sshaz\Downloads\ECE461_Project1\ECE461\repos\mrdoob_three.js
2024-09-22T18:14:59.220Z [INFO]: Calculating Bus Factor for repository: https://github.com/mrdoob/three.js
2024-09-22T18:14:59.222Z [INFO]: Calculating Ramp Up metric for repo at C:\Users\sshaz\Downloads\ECE461_Project1\ECE461\repos\mrdoob_three.js
2024-09-22T18:15:00.106Z [INFO]: Calculated Ramp Up score for C:\Users\sshaz\Downloads\ECE461_Project1\ECE461\repos\mrdoob_three.js: 0.9246257151633837
2024-09-22T18:15:01.071Z [INFO]: Total contributors for https://github.com/mrdoob/three.js: 362
2024-09-22T18:15:01.071Z [INFO]: Calculated Bus Factor for https://github.com/mrdoob/three.js: 1
2024-09-22T18:15:01.563Z [INFO]: Calculating NetScore for URL: https://github.com/mrdoob/three.js
2024-09-22T18:15:01.563Z [INFO]: Finished processing URL: https://github.com/mrdoob/three.js with NetScore: 0.86
2024-09-22T18:15:01.563Z [INFO]: Processing URL: https://www.npmjs.com/package/socket.io
2024-09-22T18:15:01.751Z [INFO]: Found GitHub URL for npm package: socket.io
2024-09-22T18:15:01.751Z [INFO]: Cloning GitHub repo for metrics calculation: socketio_socket.io
2024-09-22T18:15:01.752Z [INFO]: Cloning GitHub repo for Ramp Up calculation: https://github.com/socketio/socket.io into C:\Users\sshaz\Downloads\ECE461_Project1\ECE461\repos\socketio_socket.io
2024-09-22T18:15:01.802Z [INFO]: Calculating Bus Factor for repository: https://github.com/socketio/socket.io
2024-09-22T18:15:01.804Z [INFO]: Calculating Ramp Up metric for repo at C:\Users\sshaz\Downloads\ECE461_Project1\ECE461\repos\socketio_socket.io
2024-09-22T18:15:01.967Z [INFO]: Calculated Ramp Up score for C:\Users\sshaz\Downloads\ECE461_Project1\ECE461\repos\socketio_socket.io: 0.693265559833173
2024-09-22T18:15:01.969Z [INFO]: Frameworks Detected: mocha
2024-09-22T18:15:03.084Z [INFO]: Total contributors for https://github.com/socketio/socket.io: 406
2024-09-22T18:15:03.084Z [INFO]: Calculated Bus Factor for https://github.com/socketio/socket.io: 1
2024-09-22T18:15:03.408Z [INFO]: Calculating NetScore for URL: https://www.npmjs.com/package/socket.io
2024-09-22T18:15:22.803Z [INFO]: Running URL processing from file: C:\Users\sshaz\Downloads\ECE461_Project1\ECE461\URL.txt
2024-09-22T18:15:22.805Z [INFO]: Processing URL: https://www.npmjs.com/package/wat4hjs
2024-09-22T18:15:23.012Z [INFO]: Found GitHub URL for npm package: wat4hjs
2024-09-22T18:15:23.013Z [INFO]: Cloning GitHub repo for metrics calculation: hasansultan92_watch.js
2024-09-22T18:15:23.015Z [INFO]: Cloning GitHub repo for Ramp Up calculation: https://github.com/hasansultan92/watch.js into C:\Users\sshaz\Downloads\ECE461_Project1\ECE461\repos\hasansultan92_watch.js
2024-09-22T18:15:23.081Z [INFO]: Calculating Bus Factor for repository: https://github.com/hasansultan92/watch.js
2024-09-22T18:15:23.086Z [INFO]: Calculating Ramp Up metric for repo at C:\Users\sshaz\Downloads\ECE461_Project1\ECE461\repos\hasansultan92_watch.js
2024-09-22T18:15:23.126Z [INFO]: Calculated Ramp Up score for C:\Users\sshaz\Downloads\ECE461_Project1\ECE461\repos\hasansultan92_watch.js: 0.44500000000000006
2024-09-22T18:15:23.129Z [INFO]: Frameworks Detected: jest
2024-09-22T18:15:23.280Z [INFO]: Total contributors for https://github.com/hasansultan92/watch.js: 1
2024-09-22T18:15:23.280Z [INFO]: Calculated Bus Factor for https://github.com/hasansultan92/watch.js: 0.1
2024-09-22T18:15:23.754Z [INFO]: Calculating NetScore for URL: https://www.npmjs.com/package/wat4hjs
2024-09-22T18:17:15.809Z [INFO]: Running URL processing from file: C:\Users\sshaz\Downloads\ECE461_Project1\ECE461\URL.txt
2024-09-22T18:17:15.811Z [INFO]: Processing URL: https://www.npmjs.com/package/wat4hjs
2024-09-22T18:17:16.045Z [INFO]: Found GitHub URL for npm package: wat4hjs
2024-09-22T18:17:16.046Z [INFO]: Cloning GitHub repo for metrics calculation: hasansultan92_watch.js
2024-09-22T18:17:16.048Z [INFO]: Cloning GitHub repo for Ramp Up calculation: https://github.com/hasansultan92/watch.js into C:\Users\sshaz\Downloads\ECE461_Project1\ECE461\repos\hasansultan92_watch.js
2024-09-22T18:17:16.114Z [INFO]: Calculating Bus Factor for repository: https://github.com/hasansultan92/watch.js
2024-09-22T18:17:16.119Z [INFO]: Calculating Ramp Up metric for repo at C:\Users\sshaz\Downloads\ECE461_Project1\ECE461\repos\hasansultan92_watch.js
2024-09-22T18:17:16.162Z [INFO]: Calculated Ramp Up score for C:\Users\sshaz\Downloads\ECE461_Project1\ECE461\repos\hasansultan92_watch.js: 0.44500000000000006
2024-09-22T18:17:16.165Z [INFO]: Frameworks Detected: jest
2024-09-22T18:17:16.292Z [INFO]: Total contributors for https://github.com/hasansultan92/watch.js: 1
2024-09-22T18:17:16.292Z [INFO]: Calculated Bus Factor for https://github.com/hasansultan92/watch.js: 0.1
2024-09-22T18:17:16.705Z [INFO]: Calculating NetScore for URL: https://www.npmjs.com/package/wat4hjs
2024-09-22T18:19:53.640Z [INFO]: Running URL processing from file: C:\Users\sshaz\Downloads\ECE461_Project1\ECE461\URL.txt
2024-09-22T18:19:53.641Z [INFO]: Processing URL: https://www.npmjs.com/package/wat4hjs
2024-09-22T18:19:53.818Z [INFO]: Found GitHub URL for npm package: wat4hjs
2024-09-22T18:19:53.819Z [INFO]: Cloning GitHub repo for metrics calculation: hasansultan92_watch.js
2024-09-22T18:19:53.821Z [INFO]: Cloning GitHub repo for Ramp Up calculation: https://github.com/hasansultan92/watch.js into C:\Users\sshaz\Downloads\ECE461_Project1\ECE461\repos\hasansultan92_watch.js
2024-09-22T18:19:53.895Z [INFO]: Calculating Bus Factor for repository: https://github.com/hasansultan92/watch.js
2024-09-22T18:19:53.899Z [INFO]: Calculating Ramp Up metric for repo at C:\Users\sshaz\Downloads\ECE461_Project1\ECE461\repos\hasansultan92_watch.js
2024-09-22T18:19:53.945Z [INFO]: Calculated Ramp Up score for C:\Users\sshaz\Downloads\ECE461_Project1\ECE461\repos\hasansultan92_watch.js: 0.44500000000000006
2024-09-22T18:19:53.948Z [INFO]: Frameworks Detected: jest
2024-09-22T18:19:54.076Z [INFO]: Total contributors for https://github.com/hasansultan92/watch.js: 1
2024-09-22T18:19:54.076Z [INFO]: Calculated Bus Factor for https://github.com/hasansultan92/watch.js: 0.1
2024-09-22T18:19:54.427Z [INFO]: Calculating NetScore for URL: https://www.npmjs.com/package/wat4hjs
2024-09-22T18:20:26.122Z [INFO]: Running URL processing from file: C:\Users\sshaz\Downloads\ECE461_Project1\ECE461\URL.txt
2024-09-22T18:20:26.123Z [INFO]: Processing URL: https://www.npmjs.com/package/wat4hjs
2024-09-22T18:20:26.296Z [INFO]: Found GitHub URL for npm package: wat4hjs
2024-09-22T18:20:26.297Z [INFO]: Cloning GitHub repo for metrics calculation: hasansultan92_watch.js
2024-09-22T18:20:26.299Z [INFO]: Cloning GitHub repo for Ramp Up calculation: https://github.com/hasansultan92/watch.js into C:\Users\sshaz\Downloads\ECE461_Project1\ECE461\repos\hasansultan92_watch.js
2024-09-22T18:20:26.368Z [INFO]: Calculating Bus Factor for repository: https://github.com/hasansultan92/watch.js
2024-09-22T18:20:26.372Z [INFO]: Calculating Ramp Up metric for repo at C:\Users\sshaz\Downloads\ECE461_Project1\ECE461\repos\hasansultan92_watch.js
2024-09-22T18:20:26.416Z [INFO]: Calculated Ramp Up score for C:\Users\sshaz\Downloads\ECE461_Project1\ECE461\repos\hasansultan92_watch.js: 0.44500000000000006
2024-09-22T18:20:26.419Z [INFO]: Frameworks Detected: jest
2024-09-22T18:20:26.551Z [INFO]: Total contributors for https://github.com/hasansultan92/watch.js: 1
2024-09-22T18:20:26.551Z [INFO]: Calculated Bus Factor for https://github.com/hasansultan92/watch.js: 0.1
2024-09-22T18:20:26.902Z [INFO]: Calculating NetScore for URL: https://www.npmjs.com/package/wat4hjs
2024-09-22T18:20:26.902Z [INFO]: Finished processing URL: https://www.npmjs.com/package/wat4hjs with NetScore: 0.61
2024-09-22T18:20:26.903Z [INFO]: Processing URL: https://github.com/mrdoob/three.js
2024-09-22T18:20:26.903Z [INFO]: Cloning GitHub repo for metrics calculation: mrdoob_three.js
2024-09-22T18:20:26.903Z [INFO]: Cloning GitHub repo for Ramp Up calculation: https://github.com/mrdoob/three.js into C:\Users\sshaz\Downloads\ECE461_Project1\ECE461\repos\mrdoob_three.js
2024-09-22T18:20:26.962Z [INFO]: Calculating Bus Factor for repository: https://github.com/mrdoob/three.js
2024-09-22T18:20:26.964Z [INFO]: Calculating Ramp Up metric for repo at C:\Users\sshaz\Downloads\ECE461_Project1\ECE461\repos\mrdoob_three.js
2024-09-22T18:20:27.969Z [INFO]: Calculated Ramp Up score for C:\Users\sshaz\Downloads\ECE461_Project1\ECE461\repos\mrdoob_three.js: 0.9246257151633837
2024-09-22T18:20:29.350Z [INFO]: Total contributors for https://github.com/mrdoob/three.js: 362
2024-09-22T18:20:29.350Z [INFO]: Calculated Bus Factor for https://github.com/mrdoob/three.js: 1
2024-09-22T18:20:29.350Z [INFO]: Calculating NetScore for URL: https://github.com/mrdoob/three.js
2024-09-22T18:20:29.350Z [INFO]: Finished processing URL: https://github.com/mrdoob/three.js with NetScore: 0.86
2024-09-22T18:20:29.350Z [INFO]: Processing URL: https://www.npmjs.com/package/socket.io
2024-09-22T18:20:29.432Z [INFO]: Found GitHub URL for npm package: socket.io
2024-09-22T18:20:29.432Z [INFO]: Cloning GitHub repo for metrics calculation: socketio_socket.io
2024-09-22T18:20:29.433Z [INFO]: Cloning GitHub repo for Ramp Up calculation: https://github.com/socketio/socket.io into C:\Users\sshaz\Downloads\ECE461_Project1\ECE461\repos\socketio_socket.io
2024-09-22T18:20:29.532Z [INFO]: Calculating Bus Factor for repository: https://github.com/socketio/socket.io
2024-09-22T18:20:29.536Z [INFO]: Calculating Ramp Up metric for repo at C:\Users\sshaz\Downloads\ECE461_Project1\ECE461\repos\socketio_socket.io
2024-09-22T18:20:29.776Z [INFO]: Calculated Ramp Up score for C:\Users\sshaz\Downloads\ECE461_Project1\ECE461\repos\socketio_socket.io: 0.693265559833173
2024-09-22T18:20:29.779Z [INFO]: Frameworks Detected: mocha
2024-09-22T18:20:30.900Z [INFO]: Total contributors for https://github.com/socketio/socket.io: 406
2024-09-22T18:20:30.900Z [INFO]: Calculated Bus Factor for https://github.com/socketio/socket.io: 1
2024-09-22T18:20:31.172Z [INFO]: Calculating NetScore for URL: https://www.npmjs.com/package/socket.io
